<testsuite tests="2" skipped="0" name="controllers.ApplicationSpec" hostname="Alberto-Luiz-Souzas-MacBook-Pro-3.local" failures="0" time="0.000" errors="0">
        <properties>
[...]
</properties>
        <testcase name="Exercise should::be showed if id,userId and returnUri were passed" time="0.088" classname="controllers.ApplicationSpec">
        
      </testcase><testcase name="Exercise should::be showed with the last attempt query" time="0.059" classname="controllers.ApplicationSpec">
        
      </testcase>
        <system-out></system-out>
        <system-err></system-err>
      </testsuite>